# JRE version: Java(TM) SE Runtime Environment (8.0_144-b01) (build 1.8.0_144-b01)
# Java VM: Java HotSpot(TM) 64-Bit Server VM (25.144-b01 mixed mode windows-amd64 compressed oops)
Heap:
 PSYoungGen      total 29184K, used 20973K [0x00000000d5980000, 0x00000000d7c00000, 0x0000000100000000)
  eden space 24064K, 86% used [0x00000000d5980000,0x00000000d6deb590,0x00000000d7100000)
  from space 5120K, 1% used [0x00000000d7700000,0x00000000d7710000,0x00000000d7c00000)
  to   space 5632K, 0% used [0x00000000d7100000,0x00000000d7100000,0x00000000d7680000)
 ParOldGen       total 87552K, used 9347K [0x0000000080c00000, 0x0000000086180000, 0x00000000d5980000)
  object space 87552K, 10% used [0x0000000080c00000,0x0000000081520c90,0x0000000086180000)
 Metaspace       used 17252K, capacity 18162K, committed 18304K, reserved 1064960K
  class space    used 2426K, capacity 2637K, committed 2688K, reserved 1048576K
GC Heap History (10 events):
Event: 33.980 GC heap before
{Heap before GC invocations=18 (full 0):
 PSYoungGen      total 27136K, used 26688K [0x00000000d5980000, 0x00000000d8080000, 0x0000000100000000)
  eden space 26624K, 100% used [0x00000000d5980000,0x00000000d7380000,0x00000000d7380000)
  from space 512K, 12% used [0x00000000d7400000,0x00000000d7410000,0x00000000d7480000)
  to   space 6656K, 0% used [0x00000000d7a00000,0x00000000d7a00000,0x00000000d8080000)
 ParOldGen       total 87552K, used 9291K [0x0000000080c00000, 0x0000000086180000, 0x00000000d5980000)
  object space 87552K, 10% used [0x0000000080c00000,0x0000000081512c90,0x0000000086180000)
 Metaspace       used 17217K, capacity 18148K, committed 18304K, reserved 1064960K
  class space    used 2425K, capacity 2636K, committed 2688K, reserved 1048576K
Event: 33.982 GC heap after
Heap after GC invocations=18 (full 0):
 PSYoungGen      total 32256K, used 32K [0x00000000d5980000, 0x00000000d8000000, 0x0000000100000000)
  eden space 26112K, 0% used [0x00000000d5980000,0x00000000d5980000,0x00000000d7300000)
  from space 6144K, 0% used [0x00000000d7a00000,0x00000000d7a08000,0x00000000d8000000)
  to   space 6656K, 0% used [0x00000000d7300000,0x00000000d7300000,0x00000000d7980000)
 ParOldGen       total 87552K, used 9291K [0x0000000080c00000, 0x0000000086180000, 0x00000000d5980000)
  object space 87552K, 10% used [0x0000000080c00000,0x0000000081512c90,0x0000000086180000)
 Metaspace       used 17217K, capacity 18148K, committed 18304K, reserved 1064960K
  class space    used 2425K, capacity 2636K, committed 2688K, reserved 1048576K
}
Event: 35.043 GC heap before
{Heap before GC invocations=19 (full 0):
 PSYoungGen      total 32256K, used 26144K [0x00000000d5980000, 0x00000000d8000000, 0x0000000100000000)
  eden space 26112K, 100% used [0x00000000d5980000,0x00000000d7300000,0x00000000d7300000)
  from space 6144K, 0% used [0x00000000d7a00000,0x00000000d7a08000,0x00000000d8000000)
  to   space 6656K, 0% used [0x00000000d7300000,0x00000000d7300000,0x00000000d7980000)
 ParOldGen       total 87552K, used 9291K [0x0000000080c00000, 0x0000000086180000, 0x00000000d5980000)
  object space 87552K, 10% used [0x0000000080c00000,0x0000000081512c90,0x0000000086180000)
 Metaspace       used 17224K, capacity 18156K, committed 18304K, reserved 1064960K
  class space    used 2425K, capacity 2636K, committed 2688K, reserved 1048576K
Event: 35.046 GC heap after
Heap after GC invocations=19 (full 0):
 PSYoungGen      total 26112K, used 64K [0x00000000d5980000, 0x00000000d7e80000, 0x0000000100000000)
  eden space 25600K, 0% used [0x00000000d5980000,0x00000000d5980000,0x00000000d7280000)
  from space 512K, 12% used [0x00000000d7300000,0x00000000d7310000,0x00000000d7380000)
  to   space 6144K, 0% used [0x00000000d7880000,0x00000000d7880000,0x00000000d7e80000)
 ParOldGen       total 87552K, used 9299K [0x0000000080c00000, 0x0000000086180000, 0x00000000d5980000)
  object space 87552K, 10% used [0x0000000080c00000,0x0000000081514c90,0x0000000086180000)
 Metaspace       used 17224K, capacity 18156K, committed 18304K, reserved 1064960K
  class space    used 2425K, capacity 2636K, committed 2688K, reserved 1048576K
}
Event: 36.103 GC heap before
{Heap before GC invocations=20 (full 0):
 PSYoungGen      total 26112K, used 25664K [0x00000000d5980000, 0x00000000d7e80000, 0x0000000100000000)
  eden space 25600K, 100% used [0x00000000d5980000,0x00000000d7280000,0x00000000d7280000)
  from space 512K, 12% used [0x00000000d7300000,0x00000000d7310000,0x00000000d7380000)
  to   space 6144K, 0% used [0x00000000d7880000,0x00000000d7880000,0x00000000d7e80000)
 ParOldGen       total 87552K, used 9299K [0x0000000080c00000, 0x0000000086180000, 0x00000000d5980000)
  object space 87552K, 10% used [0x0000000080c00000,0x0000000081514c90,0x0000000086180000)
 Metaspace       used 17229K, capacity 18156K, committed 18304K, reserved 1064960K
  class space    used 2425K, capacity 2636K, committed 2688K, reserved 1048576K
Event: 36.105 GC heap after
Heap after GC invocations=20 (full 0):
 PSYoungGen      total 30720K, used 32K [0x00000000d5980000, 0x00000000d7e00000, 0x0000000100000000)
  eden space 25088K, 0% used [0x00000000d5980000,0x00000000d5980000,0x00000000d7200000)
  from space 5632K, 0% used [0x00000000d7880000,0x00000000d7888000,0x00000000d7e00000)
  to   space 6144K, 0% used [0x00000000d7200000,0x00000000d7200000,0x00000000d7800000)
 ParOldGen       total 87552K, used 9315K [0x0000000080c00000, 0x0000000086180000, 0x00000000d5980000)
  object space 87552K, 10% used [0x0000000080c00000,0x0000000081518c90,0x0000000086180000)
 Metaspace       used 17229K, capacity 18156K, committed 18304K, reserved 1064960K
  class space    used 2425K, capacity 2636K, committed 2688K, reserved 1048576K
}
Event: 37.200 GC heap before
{Heap before GC invocations=21 (full 0):
 PSYoungGen      total 30720K, used 25120K [0x00000000d5980000, 0x00000000d7e00000, 0x0000000100000000)
  eden space 25088K, 100% used [0x00000000d5980000,0x00000000d7200000,0x00000000d7200000)
  from space 5632K, 0% used [0x00000000d7880000,0x00000000d7888000,0x00000000d7e00000)
  to   space 6144K, 0% used [0x00000000d7200000,0x00000000d7200000,0x00000000d7800000)
 ParOldGen       total 87552K, used 9315K [0x0000000080c00000, 0x0000000086180000, 0x00000000d5980000)
  object space 87552K, 10% used [0x0000000080c00000,0x0000000081518c90,0x0000000086180000)
 Metaspace       used 17239K, capacity 18156K, committed 18304K, reserved 1064960K
  class space    used 2425K, capacity 2636K, committed 2688K, reserved 1048576K
Event: 37.201 GC heap after
Heap after GC invocations=21 (full 0):
 PSYoungGen      total 25088K, used 128K [0x00000000d5980000, 0x00000000d7c80000, 0x0000000100000000)
  eden space 24576K, 0% used [0x00000000d5980000,0x00000000d5980000,0x00000000d7180000)
  from space 512K, 25% used [0x00000000d7200000,0x00000000d7220000,0x00000000d7280000)
  to   space 5632K, 0% used [0x00000000d7700000,0x00000000d7700000,0x00000000d7c80000)
 ParOldGen       total 87552K, used 9339K [0x0000000080c00000, 0x0000000086180000, 0x00000000d5980000)
  object space 87552K, 10% used [0x0000000080c00000,0x000000008151ec90,0x0000000086180000)
 Metaspace       used 17239K, capacity 18156K, committed 18304K, reserved 1064960K
  class space    used 2425K, capacity 2636K, committed 2688K, reserved 1048576K
}
Event: 38.243 GC heap before
{Heap before GC invocations=22 (full 0):
 PSYoungGen      total 25088K, used 24704K [0x00000000d5980000, 0x00000000d7c80000, 0x0000000100000000)
  eden space 24576K, 100% used [0x00000000d5980000,0x00000000d7180000,0x00000000d7180000)
  from space 512K, 25% used [0x00000000d7200000,0x00000000d7220000,0x00000000d7280000)
  to   space 5632K, 0% used [0x00000000d7700000,0x00000000d7700000,0x00000000d7c80000)
 ParOldGen       total 87552K, used 9339K [0x0000000080c00000, 0x0000000086180000, 0x00000000d5980000)
  object space 87552K, 10% used [0x0000000080c00000,0x000000008151ec90,0x0000000086180000)
 Metaspace       used 17240K, capacity 18156K, committed 18304K, reserved 1064960K
  class space    used 2425K, capacity 2636K, committed 2688K, reserved 1048576K
Event: 38.245 GC heap after
Heap after GC invocations=22 (full 0):
 PSYoungGen      total 29184K, used 64K [0x00000000d5980000, 0x00000000d7c00000, 0x0000000100000000)
  eden space 24064K, 0% used [0x00000000d5980000,0x00000000d5980000,0x00000000d7100000)
  from space 5120K, 1% used [0x00000000d7700000,0x00000000d7710000,0x00000000d7c00000)
  to   space 5632K, 0% used [0x00000000d7100000,0x00000000d7100000,0x00000000d7680000)
 ParOldGen       total 87552K, used 9347K [0x0000000080c00000, 0x0000000086180000, 0x00000000d5980000)
  object space 87552K, 10% used [0x0000000080c00000,0x0000000081520c90,0x0000000086180000)
 Metaspace       used 17240K, capacity 18156K, committed 18304K, reserved 1064960K
  class space    used 2425K, capacity 2636K, committed 2688K, reserved 1048576K
}

