# JRE version: Java(TM) SE Runtime Environment (8.0_144-b01) (build 1.8.0_144-b01)
# Java VM: Java HotSpot(TM) 64-Bit Server VM (25.144-b01 mixed mode windows-amd64 compressed oops)
Heap:
 PSYoungGen      total 35840K, used 3371K [0x00000000d5980000, 0x00000000d8500000, 0x0000000100000000)
  eden space 29184K, 11% used [0x00000000d5980000,0x00000000d5cbac48,0x00000000d7600000)
  from space 6656K, 0% used [0x00000000d7e80000,0x00000000d7e90000,0x00000000d8500000)
  to   space 7680K, 0% used [0x00000000d7600000,0x00000000d7600000,0x00000000d7d80000)
 ParOldGen       total 87552K, used 9257K [0x0000000080c00000, 0x0000000086180000, 0x00000000d5980000)
  object space 87552K, 10% used [0x0000000080c00000,0x000000008150a450,0x0000000086180000)
 Metaspace       used 17027K, capacity 17962K, committed 18048K, reserved 1064960K
  class space    used 2424K, capacity 2637K, committed 2688K, reserved 1048576K
GC Heap History (10 events):
Event: 18.118 GC heap before
{Heap before GC invocations=8 (full 0):
 PSYoungGen      total 37888K, used 31840K [0x00000000d5980000, 0x00000000d8680000, 0x0000000100000000)
  eden space 31744K, 100% used [0x00000000d5980000,0x00000000d7880000,0x00000000d7880000)
  from space 6144K, 1% used [0x00000000d7900000,0x00000000d7918000,0x00000000d7f00000)
  to   space 7168K, 0% used [0x00000000d7f80000,0x00000000d7f80000,0x00000000d8680000)
 ParOldGen       total 87552K, used 9161K [0x0000000080c00000, 0x0000000086180000, 0x00000000d5980000)
  object space 87552K, 10% used [0x0000000080c00000,0x00000000814f2450,0x0000000086180000)
 Metaspace       used 16954K, capacity 17892K, committed 18048K, reserved 1064960K
  class space    used 2424K, capacity 2636K, committed 2688K, reserved 1048576K
Event: 18.120 GC heap after
Heap after GC invocations=8 (full 0):
 PSYoungGen      total 38400K, used 32K [0x00000000d5980000, 0x00000000d8700000, 0x0000000100000000)
  eden space 31232K, 0% used [0x00000000d5980000,0x00000000d5980000,0x00000000d7800000)
  from space 7168K, 0% used [0x00000000d7f80000,0x00000000d7f88000,0x00000000d8680000)
  to   space 7680K, 0% used [0x00000000d7800000,0x00000000d7800000,0x00000000d7f80000)
 ParOldGen       total 87552K, used 9169K [0x0000000080c00000, 0x0000000086180000, 0x00000000d5980000)
  object space 87552K, 10% used [0x0000000080c00000,0x00000000814f4450,0x0000000086180000)
 Metaspace       used 16954K, capacity 17892K, committed 18048K, reserved 1064960K
  class space    used 2424K, capacity 2636K, committed 2688K, reserved 1048576K
}
Event: 19.403 GC heap before
{Heap before GC invocations=9 (full 0):
 PSYoungGen      total 38400K, used 31264K [0x00000000d5980000, 0x00000000d8700000, 0x0000000100000000)
  eden space 31232K, 100% used [0x00000000d5980000,0x00000000d7800000,0x00000000d7800000)
  from space 7168K, 0% used [0x00000000d7f80000,0x00000000d7f88000,0x00000000d8680000)
  to   space 7680K, 0% used [0x00000000d7800000,0x00000000d7800000,0x00000000d7f80000)
 ParOldGen       total 87552K, used 9169K [0x0000000080c00000, 0x0000000086180000, 0x00000000d5980000)
  object space 87552K, 10% used [0x0000000080c00000,0x00000000814f4450,0x0000000086180000)
 Metaspace       used 16984K, capacity 17956K, committed 18048K, reserved 1064960K
  class space    used 2424K, capacity 2636K, committed 2688K, reserved 1048576K
Event: 19.406 GC heap after
Heap after GC invocations=9 (full 0):
 PSYoungGen      total 31232K, used 32K [0x00000000d5980000, 0x00000000d8680000, 0x0000000100000000)
  eden space 30720K, 0% used [0x00000000d5980000,0x00000000d5980000,0x00000000d7780000)
  from space 512K, 6% used [0x00000000d7800000,0x00000000d7808000,0x00000000d7880000)
  to   space 7680K, 0% used [0x00000000d7f00000,0x00000000d7f00000,0x00000000d8680000)
 ParOldGen       total 87552K, used 9193K [0x0000000080c00000, 0x0000000086180000, 0x00000000d5980000)
  object space 87552K, 10% used [0x0000000080c00000,0x00000000814fa450,0x0000000086180000)
 Metaspace       used 16984K, capacity 17956K, committed 18048K, reserved 1064960K
  class space    used 2424K, capacity 2636K, committed 2688K, reserved 1048576K
}
Event: 20.627 GC heap before
{Heap before GC invocations=10 (full 0):
 PSYoungGen      total 31232K, used 30752K [0x00000000d5980000, 0x00000000d8680000, 0x0000000100000000)
  eden space 30720K, 100% used [0x00000000d5980000,0x00000000d7780000,0x00000000d7780000)
  from space 512K, 6% used [0x00000000d7800000,0x00000000d7808000,0x00000000d7880000)
  to   space 7680K, 0% used [0x00000000d7f00000,0x00000000d7f00000,0x00000000d8680000)
 ParOldGen       total 87552K, used 9193K [0x0000000080c00000, 0x0000000086180000, 0x00000000d5980000)
  object space 87552K, 10% used [0x0000000080c00000,0x00000000814fa450,0x0000000086180000)
 Metaspace       used 17007K, capacity 17956K, committed 18048K, reserved 1064960K
  class space    used 2424K, capacity 2636K, committed 2688K, reserved 1048576K
Event: 20.628 GC heap after
Heap after GC invocations=10 (full 0):
 PSYoungGen      total 37888K, used 96K [0x00000000d5980000, 0x00000000d8700000, 0x0000000100000000)
  eden space 30208K, 0% used [0x00000000d5980000,0x00000000d5980000,0x00000000d7700000)
  from space 7680K, 1% used [0x00000000d7f00000,0x00000000d7f18000,0x00000000d8680000)
  to   space 8192K, 0% used [0x00000000d7700000,0x00000000d7700000,0x00000000d7f00000)
 ParOldGen       total 87552K, used 9217K [0x0000000080c00000, 0x0000000086180000, 0x00000000d5980000)
  object space 87552K, 10% used [0x0000000080c00000,0x0000000081500450,0x0000000086180000)
 Metaspace       used 17007K, capacity 17956K, committed 18048K, reserved 1064960K
  class space    used 2424K, capacity 2636K, committed 2688K, reserved 1048576K
}
Event: 21.897 GC heap before
{Heap before GC invocations=11 (full 0):
 PSYoungGen      total 37888K, used 30304K [0x00000000d5980000, 0x00000000d8700000, 0x0000000100000000)
  eden space 30208K, 100% used [0x00000000d5980000,0x00000000d7700000,0x00000000d7700000)
  from space 7680K, 1% used [0x00000000d7f00000,0x00000000d7f18000,0x00000000d8680000)
  to   space 8192K, 0% used [0x00000000d7700000,0x00000000d7700000,0x00000000d7f00000)
 ParOldGen       total 87552K, used 9217K [0x0000000080c00000, 0x0000000086180000, 0x00000000d5980000)
  object space 87552K, 10% used [0x0000000080c00000,0x0000000081500450,0x0000000086180000)
 Metaspace       used 17011K, capacity 17956K, committed 18048K, reserved 1064960K
  class space    used 2424K, capacity 2636K, committed 2688K, reserved 1048576K
Event: 21.898 GC heap after
Heap after GC invocations=11 (full 0):
 PSYoungGen      total 30208K, used 128K [0x00000000d5980000, 0x00000000d8680000, 0x0000000100000000)
  eden space 29696K, 0% used [0x00000000d5980000,0x00000000d5980000,0x00000000d7680000)
  from space 512K, 25% used [0x00000000d7700000,0x00000000d7720000,0x00000000d7780000)
  to   space 8192K, 0% used [0x00000000d7e80000,0x00000000d7e80000,0x00000000d8680000)
 ParOldGen       total 87552K, used 9241K [0x0000000080c00000, 0x0000000086180000, 0x00000000d5980000)
  object space 87552K, 10% used [0x0000000080c00000,0x0000000081506450,0x0000000086180000)
 Metaspace       used 17011K, capacity 17956K, committed 18048K, reserved 1064960K
  class space    used 2424K, capacity 2636K, committed 2688K, reserved 1048576K
}
Event: 23.127 GC heap before
{Heap before GC invocations=12 (full 0):
 PSYoungGen      total 30208K, used 29824K [0x00000000d5980000, 0x00000000d8680000, 0x0000000100000000)
  eden space 29696K, 100% used [0x00000000d5980000,0x00000000d7680000,0x00000000d7680000)
  from space 512K, 25% used [0x00000000d7700000,0x00000000d7720000,0x00000000d7780000)
  to   space 8192K, 0% used [0x00000000d7e80000,0x00000000d7e80000,0x00000000d8680000)
 ParOldGen       total 87552K, used 9241K [0x0000000080c00000, 0x0000000086180000, 0x00000000d5980000)
  object space 87552K, 10% used [0x0000000080c00000,0x0000000081506450,0x0000000086180000)
 Metaspace       used 17013K, capacity 17956K, committed 18048K, reserved 1064960K
  class space    used 2424K, capacity 2636K, committed 2688K, reserved 1048576K
Event: 23.131 GC heap after
Heap after GC invocations=12 (full 0):
 PSYoungGen      total 35840K, used 64K [0x00000000d5980000, 0x00000000d8500000, 0x0000000100000000)
  eden space 29184K, 0% used [0x00000000d5980000,0x00000000d5980000,0x00000000d7600000)
  from space 6656K, 0% used [0x00000000d7e80000,0x00000000d7e90000,0x00000000d8500000)
  to   space 7680K, 0% used [0x00000000d7600000,0x00000000d7600000,0x00000000d7d80000)
 ParOldGen       total 87552K, used 9257K [0x0000000080c00000, 0x0000000086180000, 0x00000000d5980000)
  object space 87552K, 10% used [0x0000000080c00000,0x000000008150a450,0x0000000086180000)
 Metaspace       used 17013K, capacity 17956K, committed 18048K, reserved 1064960K
  class space    used 2424K, capacity 2636K, committed 2688K, reserved 1048576K
}

